[2026-06-08T17:32:30.193Z] [Local Stream - forum-events]: {"type":"image","post_id":"post_iik5vmhg0","user_id":"usr_001","timestamp":"2026-06-08T17:32:30.193Z"}
[2026-06-08T17:32:30.245Z] [Kafka Event - forum-events]: {"type":"image","post_id":"post_iik5vmhg0","user_id":"usr_001","timestamp":"2026-06-08T17:32:30.193Z"}
[2026-06-08T17:32:39.846Z] [Local Stream - forum-events]: {"type":"like-toggle","post_id":"post_iik5vmhg0","user_id":"usr_001","liked":true,"timestamp":"2026-06-08T17:32:39.846Z"}
[2026-06-08T17:32:39.850Z] [Kafka Event - forum-events]: {"type":"like-toggle","post_id":"post_iik5vmhg0","user_id":"usr_001","liked":true,"timestamp":"2026-06-08T17:32:39.846Z"}
[2026-06-10T19:50:10.892Z] [Local Stream - forum-events]: {"type":"image","post_id":"post_ugumg50wo","user_id":"usr_001","timestamp":"2026-06-10T19:50:10.892Z"}
[2026-06-10T19:50:10.962Z] [Kafka Event - forum-events]: {"type":"image","post_id":"post_ugumg50wo","user_id":"usr_001","timestamp":"2026-06-10T19:50:10.892Z"}
[2026-06-10T19:51:27.233Z] [Local Stream - forum-events]: {"type":"task-status-update","task_id":"task_9800rg9ku","status":"in_progress","timestamp":"2026-06-10T19:51:27.233Z"}
[2026-06-10T19:51:27.238Z] [Kafka Event - forum-events]: {"type":"task-status-update","task_id":"task_9800rg9ku","status":"in_progress","timestamp":"2026-06-10T19:51:27.233Z"}
[2026-06-10T19:51:34.293Z] [Local Stream - forum-events]: {"type":"task-status-update","task_id":"task_9800rg9ku","status":"done","timestamp":"2026-06-10T19:51:34.293Z"}
[2026-06-10T19:51:34.296Z] [Kafka Event - forum-events]: {"type":"task-status-update","task_id":"task_9800rg9ku","status":"done","timestamp":"2026-06-10T19:51:34.293Z"}
[2026-06-10T19:52:18.861Z] [Local Stream - forum-events]: {"type":"poll-vote","poll_id":"poll_9jlei9q2x","user_id":"usr_001","option_index":1,"timestamp":"2026-06-10T19:52:18.861Z"}
[2026-06-10T19:52:18.866Z] [Kafka Event - forum-events]: {"type":"poll-vote","poll_id":"poll_9jlei9q2x","user_id":"usr_001","option_index":1,"timestamp":"2026-06-10T19:52:18.861Z"}
[2026-06-12T07:21:34.872Z] [Local Stream - user-events]: {"type":"login","email":"admin@aegis.edu","name":"Dr. Evelyn Sterling","timestamp":"2026-06-12T07:21:34.871Z"}
[2026-06-12T07:21:34.936Z] [Kafka Event - user-events]: {"type":"login","email":"admin@aegis.edu","name":"Dr. Evelyn Sterling","timestamp":"2026-06-12T07:21:34.871Z"}
[2026-06-12T08:28:42.796Z] [Local Stream - user-events]: {"type":"login","email":"faculty@aegis.edu","name":"Prof. Marcus Chen","timestamp":"2026-06-12T08:28:42.796Z"}
[2026-06-12T08:28:42.814Z] [Kafka Event - user-events]: {"type":"login","email":"faculty@aegis.edu","name":"Prof. Marcus Chen","timestamp":"2026-06-12T08:28:42.796Z"}
[2026-06-12T08:35:36.838Z] [Local Stream - user-events]: {"type":"login","email":"student@aegis.edu","name":"Aria Nakamura","timestamp":"2026-06-12T08:35:36.837Z"}
[2026-06-12T08:35:36.854Z] [Kafka Event - user-events]: {"type":"login","email":"student@aegis.edu","name":"Aria Nakamura","timestamp":"2026-06-12T08:35:36.837Z"}
[2026-06-12T08:41:41.320Z] [Local Stream - user-events]: {"type":"login","email":"hod@aegis.edu","name":"Prof. Sarah Jenkins","timestamp":"2026-06-12T08:41:41.320Z"}
[2026-06-12T08:41:41.326Z] [Kafka Event - user-events]: {"type":"login","email":"hod@aegis.edu","name":"Prof. Sarah Jenkins","timestamp":"2026-06-12T08:41:41.320Z"}
[2026-06-12T08:45:59.301Z] [Local Stream - user-events]: {"type":"login","email":"student@aegis.edu","name":"Aria Nakamura","timestamp":"2026-06-12T08:45:59.301Z"}
[2026-06-12T08:45:59.306Z] [Kafka Event - user-events]: {"type":"login","email":"student@aegis.edu","name":"Aria Nakamura","timestamp":"2026-06-12T08:45:59.301Z"}
[2026-06-12T08:46:12.966Z] [Local Stream - user-events]: {"type":"login","email":"admin@aegis.edu","name":"Dr. Evelyn Sterling","timestamp":"2026-06-12T08:46:12.966Z"}
[2026-06-12T08:46:12.969Z] [Kafka Event - user-events]: {"type":"login","email":"admin@aegis.edu","name":"Dr. Evelyn Sterling","timestamp":"2026-06-12T08:46:12.966Z"}
[2026-06-12T15:29:25.410Z] [Local Stream - user-events]: {"type":"login","email":"admin@aegis.edu","name":"Dr. Evelyn Sterling","timestamp":"2026-06-12T15:29:25.409Z"}
[2026-06-12T15:29:25.440Z] [Kafka Event - user-events]: {"type":"login","email":"admin@aegis.edu","name":"Dr. Evelyn Sterling","timestamp":"2026-06-12T15:29:25.409Z"}
[2026-06-12T16:30:57.037Z] [Local Stream - user-events]: {"type":"login","email":"admin@aegis.edu","name":"Dr. Evelyn Sterling","timestamp":"2026-06-12T16:30:57.036Z"}
[2026-06-12T16:30:57.057Z] [Kafka Event - user-events]: {"type":"login","email":"admin@aegis.edu","name":"Dr. Evelyn Sterling","timestamp":"2026-06-12T16:30:57.036Z"}
[2026-06-12T17:14:30.300Z] [Local Stream - user-events]: {"type":"password-change","email":"superadmin@aegis.demo","name":"Global Super Admin","timestamp":"2026-06-12T17:14:30.300Z"}
[2026-06-12T17:14:31.334Z] [Kafka Event - user-events]: {"type":"password-change","email":"superadmin@aegis.demo","name":"Global Super Admin","timestamp":"2026-06-12T17:14:30.300Z"}
[2026-06-13T00:57:12.657Z] [Local Stream - user-events]: {"type":"login","email":"admin@aegis.edu","name":"Dr. Evelyn Sterling","timestamp":"2026-06-13T00:57:12.657Z"}
[2026-06-13T00:57:18.043Z] [Kafka Event - user-events]: {"type":"login","email":"admin@aegis.edu","name":"Dr. Evelyn Sterling","timestamp":"2026-06-13T00:57:12.657Z"}
[2026-06-13T01:39:39.942Z] [Local Stream - user-events]: {"type":"login","email":"superadmin@aegis.demo","name":"Global Super Admin","timestamp":"2026-06-13T01:39:39.942Z"}
[2026-06-13T01:39:39.955Z] [Kafka Event - user-events]: {"type":"login","email":"superadmin@aegis.demo","name":"Global Super Admin","timestamp":"2026-06-13T01:39:39.942Z"}
[2026-06-13T01:40:21.664Z] [Local Stream - user-events]: {"type":"login","email":"admin@aegis.edu","name":"Dr. Evelyn Sterling","timestamp":"2026-06-13T01:40:21.664Z"}
[2026-06-13T01:40:21.666Z] [Kafka Event - user-events]: {"type":"login","email":"admin@aegis.edu","name":"Dr. Evelyn Sterling","timestamp":"2026-06-13T01:40:21.664Z"}
[2026-06-13T01:40:40.375Z] [Local Stream - user-events]: {"type":"login","email":"superadmin@aegis.demo","name":"Global Super Admin","timestamp":"2026-06-13T01:40:40.375Z"}
[2026-06-13T01:40:40.380Z] [Kafka Event - user-events]: {"type":"login","email":"superadmin@aegis.demo","name":"Global Super Admin","timestamp":"2026-06-13T01:40:40.375Z"}
[2026-06-13T01:41:02.569Z] [Local Stream - user-events]: {"type":"login","email":"superadmin@aegis.demo","name":"Global Super Admin","timestamp":"2026-06-13T01:41:02.569Z"}
[2026-06-13T01:41:02.573Z] [Kafka Event - user-events]: {"type":"login","email":"superadmin@aegis.demo","name":"Global Super Admin","timestamp":"2026-06-13T01:41:02.569Z"}
[2026-06-13T01:42:54.685Z] [Local Stream - user-events]: {"type":"login","email":"superadmin@aegis.demo","name":"Global Super Admin","timestamp":"2026-06-13T01:42:54.685Z"}
[2026-06-13T01:42:54.689Z] [Kafka Event - user-events]: {"type":"login","email":"superadmin@aegis.demo","name":"Global Super Admin","timestamp":"2026-06-13T01:42:54.685Z"}
[2026-06-13T03:27:24.816Z] [Local Stream - user-events]: {"type":"login","email":"admin@aegis.demo","name":"University Admin","timestamp":"2026-06-13T03:27:24.816Z"}
[2026-06-13T03:27:24.824Z] [Kafka Event - user-events]: {"type":"login","email":"admin@aegis.demo","name":"University Admin","timestamp":"2026-06-13T03:27:24.816Z"}
[2026-06-13T03:30:49.265Z] [Local Stream - user-events]: {"type":"login","email":"registrar@aegis.demo","name":"Registrar Officer","timestamp":"2026-06-13T03:30:49.265Z"}
[2026-06-13T03:30:49.271Z] [Kafka Event - user-events]: {"type":"login","email":"registrar@aegis.demo","name":"Registrar Officer","timestamp":"2026-06-13T03:30:49.265Z"}
[2026-06-13T03:32:51.448Z] [Local Stream - user-events]: {"type":"login","email":"registrar@aegis.demo","name":"Registrar Officer","timestamp":"2026-06-13T03:32:51.448Z"}
[2026-06-13T03:32:51.454Z] [Kafka Event - user-events]: {"type":"login","email":"registrar@aegis.demo","name":"Registrar Officer","timestamp":"2026-06-13T03:32:51.448Z"}
[2026-06-13T03:33:23.312Z] [Local Stream - user-events]: {"type":"login","email":"dean@aegis.demo","name":"Dean of Faculty","timestamp":"2026-06-13T03:33:23.312Z"}
[2026-06-13T03:33:23.315Z] [Kafka Event - user-events]: {"type":"login","email":"dean@aegis.demo","name":"Dean of Faculty","timestamp":"2026-06-13T03:33:23.312Z"}
[2026-06-13T03:34:53.930Z] [Local Stream - user-events]: {"type":"login","email":"faculty@aegis.demo","name":"Professor Sterling (Faculty)","timestamp":"2026-06-13T03:34:53.930Z"}
[2026-06-13T03:34:53.934Z] [Kafka Event - user-events]: {"type":"login","email":"faculty@aegis.demo","name":"Professor Sterling (Faculty)","timestamp":"2026-06-13T03:34:53.930Z"}
[2026-06-13T03:35:41.064Z] [Local Stream - user-events]: {"type":"login","email":"student@aegis.demo","name":"Alex Rivera (Student)","timestamp":"2026-06-13T03:35:41.064Z"}
[2026-06-13T03:35:41.068Z] [Kafka Event - user-events]: {"type":"login","email":"student@aegis.demo","name":"Alex Rivera (Student)","timestamp":"2026-06-13T03:35:41.064Z"}
[2026-06-13T03:37:44.430Z] [Local Stream - user-events]: {"type":"login","email":"parent@aegis.demo","name":"Parent Account","timestamp":"2026-06-13T03:37:44.430Z"}
[2026-06-13T03:37:44.434Z] [Kafka Event - user-events]: {"type":"login","email":"parent@aegis.demo","name":"Parent Account","timestamp":"2026-06-13T03:37:44.430Z"}
[2026-06-13T03:38:31.597Z] [Local Stream - user-events]: {"type":"login","email":"recruiter@aegis.demo","name":"Lead Recruiter","timestamp":"2026-06-13T03:38:31.597Z"}
[2026-06-13T03:38:31.600Z] [Kafka Event - user-events]: {"type":"login","email":"recruiter@aegis.demo","name":"Lead Recruiter","timestamp":"2026-06-13T03:38:31.597Z"}
[2026-06-13T03:39:50.432Z] [Local Stream - user-events]: {"type":"login","email":"superadmin@aegis.demo","name":"Global Super Admin","timestamp":"2026-06-13T03:39:50.432Z"}
[2026-06-13T03:39:50.438Z] [Kafka Event - user-events]: {"type":"login","email":"superadmin@aegis.demo","name":"Global Super Admin","timestamp":"2026-06-13T03:39:50.432Z"}
[2026-06-13T03:41:02.699Z] [Local Stream - user-events]: {"type":"login","email":"admin@aegis.demo","name":"University Admin","timestamp":"2026-06-13T03:41:02.699Z"}
[2026-06-13T03:41:02.705Z] [Kafka Event - user-events]: {"type":"login","email":"admin@aegis.demo","name":"University Admin","timestamp":"2026-06-13T03:41:02.699Z"}
[2026-06-13T03:46:56.228Z] [Local Stream - user-events]: {"type":"login","email":"hod@aegis.demo","name":"Professor Jenkins (HOD)","timestamp":"2026-06-13T03:46:56.227Z"}
[2026-06-13T03:46:56.237Z] [Kafka Event - user-events]: {"type":"login","email":"hod@aegis.demo","name":"Professor Jenkins (HOD)","timestamp":"2026-06-13T03:46:56.227Z"}
[2026-06-13T05:34:03.357Z] [Local Stream - user-events]: {"type":"login","email":"superadmin@aegis.demo","name":"Global Super Admin","timestamp":"2026-06-13T05:34:03.356Z"}
[2026-06-13T05:34:03.378Z] [Kafka Event - user-events]: {"type":"login","email":"superadmin@aegis.demo","name":"Global Super Admin","timestamp":"2026-06-13T05:34:03.356Z"}
[2026-06-13T05:39:52.261Z] [Local Stream - user-events]: {"type":"login","email":"placement@aegis.edu","name":"Dr. Arthur Pendelton","timestamp":"2026-06-13T05:39:52.261Z"}
[2026-06-13T05:39:52.273Z] [Kafka Event - user-events]: {"type":"login","email":"placement@aegis.edu","name":"Dr. Arthur Pendelton","timestamp":"2026-06-13T05:39:52.261Z"}
[2026-06-13T05:40:49.636Z] [Local Stream - user-events]: {"type":"login","email":"placement@aegis.demo","name":"Placement Officer","timestamp":"2026-06-13T05:40:49.636Z"}
[2026-06-13T05:40:49.640Z] [Kafka Event - user-events]: {"type":"login","email":"placement@aegis.demo","name":"Placement Officer","timestamp":"2026-06-13T05:40:49.636Z"}
[2026-06-13T05:57:04.909Z] [Local Stream - user-events]: {"type":"login","email":"superadmin@aegis.demo","name":"Global Super Admin","timestamp":"2026-06-13T05:57:04.909Z"}
[2026-06-13T05:57:04.929Z] [Kafka Event - user-events]: {"type":"login","email":"superadmin@aegis.demo","name":"Global Super Admin","timestamp":"2026-06-13T05:57:04.909Z"}
[2026-06-13T05:57:40.357Z] [Local Stream - user-events]: {"type":"login","email":"parent@aegis.demo","name":"Parent Account","timestamp":"2026-06-13T05:57:40.357Z"}
[2026-06-13T05:57:40.361Z] [Kafka Event - user-events]: {"type":"login","email":"parent@aegis.demo","name":"Parent Account","timestamp":"2026-06-13T05:57:40.357Z"}
[2026-06-13T06:50:49.232Z] [Local Stream - user-events]: {"type":"login","email":"platformadmin@aegis.demo","name":"Platform Admin","timestamp":"2026-06-13T06:50:49.232Z"}
[2026-06-13T06:50:49.249Z] [Kafka Event - user-events]: {"type":"login","email":"platformadmin@aegis.demo","name":"Platform Admin","timestamp":"2026-06-13T06:50:49.232Z"}
[2026-06-13T07:01:16.566Z] [Local Stream - user-events]: {"type":"login","email":"superadmin@aegis.demo","name":"Global Super Admin","timestamp":"2026-06-13T07:01:16.566Z"}
[2026-06-13T07:01:16.587Z] [Kafka Event - user-events]: {"type":"login","email":"superadmin@aegis.demo","name":"Global Super Admin","timestamp":"2026-06-13T07:01:16.566Z"}
[2026-06-13T07:04:40.134Z] [Local Stream - user-events]: {"type":"login","email":"superadmin@aegis.demo","name":"Global Super Admin","timestamp":"2026-06-13T07:04:40.134Z"}
[2026-06-13T07:04:40.152Z] [Kafka Event - user-events]: {"type":"login","email":"superadmin@aegis.demo","name":"Global Super Admin","timestamp":"2026-06-13T07:04:40.134Z"}
[2026-06-13T07:20:13.116Z] [Local Stream - user-events]: {"type":"login","email":"superadmin@aegis.demo","name":"Global Super Admin","timestamp":"2026-06-13T07:20:13.116Z"}
[2026-06-13T07:20:13.134Z] [Kafka Event - user-events]: {"type":"login","email":"superadmin@aegis.demo","name":"Global Super Admin","timestamp":"2026-06-13T07:20:13.116Z"}
[2026-06-13T07:21:44.429Z] [Local Stream - user-events]: {"type":"login","email":"sportsdirector@aegis.demo","name":"Dr. Sarah Sterling (Sports Director)","timestamp":"2026-06-13T07:21:44.429Z"}
[2026-06-13T07:21:44.434Z] [Kafka Event - user-events]: {"type":"login","email":"sportsdirector@aegis.demo","name":"Dr. Sarah Sterling (Sports Director)","timestamp":"2026-06-13T07:21:44.429Z"}
[2026-06-13T07:24:39.977Z] [Local Stream - user-events]: {"type":"login","email":"coach@aegis.demo","name":"Coach Marcus Chen","timestamp":"2026-06-13T07:24:39.977Z"}
[2026-06-13T07:24:39.981Z] [Kafka Event - user-events]: {"type":"login","email":"coach@aegis.demo","name":"Coach Marcus Chen","timestamp":"2026-06-13T07:24:39.977Z"}
[2026-06-13T07:31:30.124Z] [Local Stream - user-events]: {"type":"login","email":"superadmin@aegis.demo","name":"Global Super Admin","timestamp":"2026-06-13T07:31:30.124Z"}
[2026-06-13T07:31:30.132Z] [Kafka Event - user-events]: {"type":"login","email":"superadmin@aegis.demo","name":"Global Super Admin","timestamp":"2026-06-13T07:31:30.124Z"}
[2026-06-13T07:35:14.400Z] [Local Stream - user-events]: {"type":"login","email":"admin@aegis.demo","name":"University Admin","timestamp":"2026-06-13T07:35:14.400Z"}
[2026-06-13T07:35:14.403Z] [Kafka Event - user-events]: {"type":"login","email":"admin@aegis.demo","name":"University Admin","timestamp":"2026-06-13T07:35:14.400Z"}
[2026-06-13T07:36:10.402Z] [Local Stream - user-events]: {"type":"login","email":"sportsdirector@aegis.demo","name":"Dr. Sarah Sterling (Sports Director)","timestamp":"2026-06-13T07:36:10.402Z"}
[2026-06-13T07:36:10.406Z] [Kafka Event - user-events]: {"type":"login","email":"sportsdirector@aegis.demo","name":"Dr. Sarah Sterling (Sports Director)","timestamp":"2026-06-13T07:36:10.402Z"}
[2026-06-13T07:46:26.297Z] [Local Stream - user-events]: {"type":"login","email":"admin@aegis.demo","name":"University Admin","timestamp":"2026-06-13T07:46:26.293Z"}
[2026-06-13T07:46:26.580Z] [Kafka Event - user-events]: {"type":"login","email":"admin@aegis.demo","name":"University Admin","timestamp":"2026-06-13T07:46:26.293Z"}
[2026-06-13T07:53:43.827Z] [Local Stream - user-events]: {"type":"login","email":"superadmin@aegis.demo","name":"Global Super Admin","timestamp":"2026-06-13T07:53:43.827Z"}
[2026-06-13T07:53:43.836Z] [Kafka Event - user-events]: {"type":"login","email":"superadmin@aegis.demo","name":"Global Super Admin","timestamp":"2026-06-13T07:53:43.827Z"}
[2026-06-13T07:55:20.622Z] [Local Stream - user-events]: {"type":"login","email":"admin@aegis.demo","name":"University Admin","timestamp":"2026-06-13T07:55:20.622Z"}
[2026-06-13T07:55:20.630Z] [Kafka Event - user-events]: {"type":"login","email":"admin@aegis.demo","name":"University Admin","timestamp":"2026-06-13T07:55:20.622Z"}
[2026-06-13T07:59:01.420Z] [Local Stream - user-events]: {"type":"login","email":"student@aegis.demo","name":"Alex Rivera (Student)","timestamp":"2026-06-13T07:59:01.420Z"}
[2026-06-13T07:59:01.425Z] [Kafka Event - user-events]: {"type":"login","email":"student@aegis.demo","name":"Alex Rivera (Student)","timestamp":"2026-06-13T07:59:01.420Z"}
[2026-06-13T08:01:51.636Z] [Local Stream - user-events]: {"type":"login","email":"admin@aegis.demo","name":"University Admin","timestamp":"2026-06-13T08:01:51.636Z"}
[2026-06-13T08:01:51.640Z] [Kafka Event - user-events]: {"type":"login","email":"admin@aegis.demo","name":"University Admin","timestamp":"2026-06-13T08:01:51.636Z"}
[2026-06-13T08:03:09.481Z] [Local Stream - user-events]: {"type":"login","email":"admin@aegis.demo","name":"Platform Admin","timestamp":"2026-06-13T08:03:09.480Z"}
[2026-06-13T08:03:09.497Z] [Kafka Event - user-events]: {"type":"login","email":"admin@aegis.demo","name":"Platform Admin","timestamp":"2026-06-13T08:03:09.480Z"}
[2026-06-13T08:05:21.746Z] [Local Stream - user-events]: {"type":"login","email":"superadmin@aegis.demo","name":"Global Super Admin","timestamp":"2026-06-13T08:05:21.746Z"}
[2026-06-13T08:05:21.749Z] [Kafka Event - user-events]: {"type":"login","email":"superadmin@aegis.demo","name":"Global Super Admin","timestamp":"2026-06-13T08:05:21.746Z"}
[2026-06-13T08:06:07.583Z] [Local Stream - user-events]: {"type":"login","email":"admin@aegis.demo","name":"Platform Admin","timestamp":"2026-06-13T08:06:07.583Z"}
[2026-06-13T08:06:07.590Z] [Kafka Event - user-events]: {"type":"login","email":"admin@aegis.demo","name":"Platform Admin","timestamp":"2026-06-13T08:06:07.583Z"}
[2026-06-13T15:04:26.382Z] [Local Stream - user-events]: {"type":"login","email":"admin@aegis.demo","name":"Platform Admin","timestamp":"2026-06-13T15:04:26.382Z"}
[2026-06-13T15:04:26.403Z] [Kafka Event - user-events]: {"type":"login","email":"admin@aegis.demo","name":"Platform Admin","timestamp":"2026-06-13T15:04:26.382Z"}
[2026-06-13T15:05:02.140Z] [Local Stream - user-events]: {"type":"login","email":"superadmin@aegis.demo","name":"Global Super Admin","timestamp":"2026-06-13T15:05:02.140Z"}
[2026-06-13T15:05:02.144Z] [Kafka Event - user-events]: {"type":"login","email":"superadmin@aegis.demo","name":"Global Super Admin","timestamp":"2026-06-13T15:05:02.140Z"}
[2026-06-13T15:06:11.204Z] [Local Stream - user-events]: {"type":"login","email":"admin@aegis.demo","name":"Platform Admin","timestamp":"2026-06-13T15:06:11.204Z"}
[2026-06-13T15:06:11.208Z] [Kafka Event - user-events]: {"type":"login","email":"admin@aegis.demo","name":"Platform Admin","timestamp":"2026-06-13T15:06:11.204Z"}
[2026-06-13T15:09:11.667Z] [Local Stream - user-events]: {"type":"login","email":"superadmin@aegis.demo","name":"Global Super Admin","timestamp":"2026-06-13T15:09:11.667Z"}
[2026-06-13T15:09:11.675Z] [Kafka Event - user-events]: {"type":"login","email":"superadmin@aegis.demo","name":"Global Super Admin","timestamp":"2026-06-13T15:09:11.667Z"}
[2026-06-13T15:09:49.733Z] [Local Stream - user-events]: {"type":"login","email":"univadmin@aegis.demo","name":"University Admin","timestamp":"2026-06-13T15:09:49.733Z"}
[2026-06-13T15:09:49.740Z] [Kafka Event - user-events]: {"type":"login","email":"univadmin@aegis.demo","name":"University Admin","timestamp":"2026-06-13T15:09:49.733Z"}
[2026-06-13T15:16:36.836Z] [Local Stream - user-events]: {"type":"login","email":"admin@aegis.demo","name":"Platform Admin","timestamp":"2026-06-13T15:16:36.836Z"}
[2026-06-13T15:16:36.851Z] [Kafka Event - user-events]: {"type":"login","email":"admin@aegis.demo","name":"Platform Admin","timestamp":"2026-06-13T15:16:36.836Z"}
[2026-06-13T15:17:29.798Z] [Local Stream - user-events]: {"type":"login","email":"superadmin@aegis.demo","name":"Global Super Admin","timestamp":"2026-06-13T15:17:29.798Z"}
[2026-06-13T15:17:29.807Z] [Kafka Event - user-events]: {"type":"login","email":"superadmin@aegis.demo","name":"Global Super Admin","timestamp":"2026-06-13T15:17:29.798Z"}
[2026-06-13T15:25:35.310Z] [Local Stream - user-events]: {"type":"login","email":"univadmin@aegis.demo","name":"University Admin","timestamp":"2026-06-13T15:25:35.310Z"}
[2026-06-13T15:25:35.325Z] [Kafka Event - user-events]: {"type":"login","email":"univadmin@aegis.demo","name":"University Admin","timestamp":"2026-06-13T15:25:35.310Z"}
[2026-06-13T15:30:59.746Z] [Local Stream - user-events]: {"type":"login","email":"admin@aegis.demo","name":"Platform Admin","timestamp":"2026-06-13T15:30:59.746Z"}
[2026-06-13T15:30:59.758Z] [Kafka Event - user-events]: {"type":"login","email":"admin@aegis.demo","name":"Platform Admin","timestamp":"2026-06-13T15:30:59.746Z"}
[2026-06-13T15:37:28.498Z] [Local Stream - user-events]: {"type":"login","email":"superadmin@aegis.demo","name":"Global Super Admin","timestamp":"2026-06-13T15:37:28.498Z"}
[2026-06-13T15:37:28.514Z] [Kafka Event - user-events]: {"type":"login","email":"superadmin@aegis.demo","name":"Global Super Admin","timestamp":"2026-06-13T15:37:28.498Z"}
[2026-06-13T15:38:40.184Z] [Local Stream - user-events]: {"type":"login","email":"admin@aegis.demo","name":"Platform Admin","timestamp":"2026-06-13T15:38:40.184Z"}
[2026-06-13T15:38:40.206Z] [Kafka Event - user-events]: {"type":"login","email":"admin@aegis.demo","name":"Platform Admin","timestamp":"2026-06-13T15:38:40.184Z"}
[2026-06-13T15:40:20.001Z] [Local Stream - user-events]: {"type":"login","email":"admin@aegis.demo","name":"Platform Admin","timestamp":"2026-06-13T15:40:20.001Z"}
[2026-06-13T15:40:20.012Z] [Kafka Event - user-events]: {"type":"login","email":"admin@aegis.demo","name":"Platform Admin","timestamp":"2026-06-13T15:40:20.001Z"}
[2026-06-13T15:41:13.547Z] [Local Stream - user-events]: {"type":"login","email":"univadmin@aegis.demo","name":"University Admin","timestamp":"2026-06-13T15:41:13.547Z"}
[2026-06-13T15:41:13.556Z] [Kafka Event - user-events]: {"type":"login","email":"univadmin@aegis.demo","name":"University Admin","timestamp":"2026-06-13T15:41:13.547Z"}
[2026-06-13T15:42:18.801Z] [Local Stream - user-events]: {"type":"login","email":"admin@aegis.demo","name":"Platform Admin","timestamp":"2026-06-13T15:42:18.801Z"}
[2026-06-13T15:42:18.814Z] [Kafka Event - user-events]: {"type":"login","email":"admin@aegis.demo","name":"Platform Admin","timestamp":"2026-06-13T15:42:18.801Z"}
[2026-06-13T15:47:25.071Z] [Local Stream - user-events]: {"type":"login","email":"admin@aegis.demo","name":"Platform Admin","timestamp":"2026-06-13T15:47:25.071Z"}
[2026-06-13T15:47:25.084Z] [Kafka Event - user-events]: {"type":"login","email":"admin@aegis.demo","name":"Platform Admin","timestamp":"2026-06-13T15:47:25.071Z"}
[2026-06-13T15:48:50.584Z] [Local Stream - user-events]: {"type":"login","email":"superadmin@aegis.demo","name":"Global Super Admin","timestamp":"2026-06-13T15:48:50.584Z"}
[2026-06-13T15:48:50.595Z] [Kafka Event - user-events]: {"type":"login","email":"superadmin@aegis.demo","name":"Global Super Admin","timestamp":"2026-06-13T15:48:50.584Z"}
[2026-06-13T15:53:00.903Z] [Local Stream - user-events]: {"type":"login","email":"admin@aegis.demo","name":"Platform Admin","timestamp":"2026-06-13T15:53:00.903Z"}
[2026-06-13T15:53:00.929Z] [Kafka Event - user-events]: {"type":"login","email":"admin@aegis.demo","name":"Platform Admin","timestamp":"2026-06-13T15:53:00.903Z"}
[2026-06-13T15:53:42.967Z] [Local Stream - user-events]: {"type":"login","email":"superadmin@aegis.demo","name":"Global Super Admin","timestamp":"2026-06-13T15:53:42.967Z"}
[2026-06-13T15:53:42.976Z] [Kafka Event - user-events]: {"type":"login","email":"superadmin@aegis.demo","name":"Global Super Admin","timestamp":"2026-06-13T15:53:42.967Z"}
[2026-06-13T15:55:44.167Z] [Local Stream - user-events]: {"type":"login","email":"admin@aegis.demo","name":"Platform Admin","timestamp":"2026-06-13T15:55:44.167Z"}
[2026-06-13T15:55:44.177Z] [Kafka Event - user-events]: {"type":"login","email":"admin@aegis.demo","name":"Platform Admin","timestamp":"2026-06-13T15:55:44.167Z"}
[2026-06-13T15:56:40.635Z] [Local Stream - user-events]: {"type":"login","email":"admin@aegis.demo","name":"Platform Admin","timestamp":"2026-06-13T15:56:40.635Z"}
[2026-06-13T15:56:40.644Z] [Kafka Event - user-events]: {"type":"login","email":"admin@aegis.demo","name":"Platform Admin","timestamp":"2026-06-13T15:56:40.635Z"}
[2026-06-13T15:57:21.498Z] [Local Stream - user-events]: {"type":"login","email":"superadmin@aegis.demo","name":"Global Super Admin","timestamp":"2026-06-13T15:57:21.498Z"}
[2026-06-13T15:57:21.503Z] [Kafka Event - user-events]: {"type":"login","email":"superadmin@aegis.demo","name":"Global Super Admin","timestamp":"2026-06-13T15:57:21.498Z"}
[2026-06-13T16:04:26.419Z] [Local Stream - user-events]: {"type":"login","email":"admin@aegis.demo","name":"Platform Admin","timestamp":"2026-06-13T16:04:26.419Z"}
[2026-06-13T16:04:26.428Z] [Kafka Event - user-events]: {"type":"login","email":"admin@aegis.demo","name":"Platform Admin","timestamp":"2026-06-13T16:04:26.419Z"}
[2026-06-13T16:04:58.829Z] [Local Stream - user-events]: {"type":"login","email":"univadmin@aegis.demo","name":"University Admin","timestamp":"2026-06-13T16:04:58.829Z"}
[2026-06-13T16:04:58.835Z] [Kafka Event - user-events]: {"type":"login","email":"univadmin@aegis.demo","name":"University Admin","timestamp":"2026-06-13T16:04:58.829Z"}
[2026-06-13T16:09:18.675Z] [Local Stream - user-events]: {"type":"login","email":"admin@aegis.demo","name":"Platform Admin","timestamp":"2026-06-13T16:09:18.675Z"}
[2026-06-13T16:09:18.683Z] [Kafka Event - user-events]: {"type":"login","email":"admin@aegis.demo","name":"Platform Admin","timestamp":"2026-06-13T16:09:18.675Z"}
[2026-06-13T16:12:35.061Z] [Local Stream - user-events]: {"type":"login","email":"superadmin@aegis.demo","name":"Global Super Admin","timestamp":"2026-06-13T16:12:35.061Z"}
[2026-06-13T16:12:35.069Z] [Kafka Event - user-events]: {"type":"login","email":"superadmin@aegis.demo","name":"Global Super Admin","timestamp":"2026-06-13T16:12:35.061Z"}
[2026-06-13T16:14:34.237Z] [Local Stream - user-events]: {"type":"login","email":"univadmin@aegis.demo","name":"University Admin","timestamp":"2026-06-13T16:14:34.237Z"}
[2026-06-13T16:14:34.260Z] [Kafka Event - user-events]: {"type":"login","email":"univadmin@aegis.demo","name":"University Admin","timestamp":"2026-06-13T16:14:34.237Z"}
[2026-06-13T16:15:53.795Z] [Local Stream - user-events]: {"type":"login","email":"registrar@aegis.demo","name":"Registrar Officer","timestamp":"2026-06-13T16:15:53.795Z"}
[2026-06-13T16:15:53.806Z] [Kafka Event - user-events]: {"type":"login","email":"registrar@aegis.demo","name":"Registrar Officer","timestamp":"2026-06-13T16:15:53.795Z"}
[2026-06-13T16:18:46.254Z] [Local Stream - user-events]: {"type":"login","email":"dean@aegis.demo","name":"Dean of Faculty","timestamp":"2026-06-13T16:18:46.254Z"}
[2026-06-13T16:18:46.265Z] [Kafka Event - user-events]: {"type":"login","email":"dean@aegis.demo","name":"Dean of Faculty","timestamp":"2026-06-13T16:18:46.254Z"}
[2026-06-13T16:19:56.172Z] [Local Stream - user-events]: {"type":"login","email":"hod@aegis.demo","name":"Professor Jenkins (HOD)","timestamp":"2026-06-13T16:19:56.172Z"}
[2026-06-13T16:19:56.180Z] [Kafka Event - user-events]: {"type":"login","email":"hod@aegis.demo","name":"Professor Jenkins (HOD)","timestamp":"2026-06-13T16:19:56.172Z"}
[2026-06-13T16:21:05.923Z] [Local Stream - user-events]: {"type":"login","email":"faculty@aegis.demo","name":"Professor Sterling (Faculty)","timestamp":"2026-06-13T16:21:05.923Z"}
[2026-06-13T16:21:05.941Z] [Kafka Event - user-events]: {"type":"login","email":"faculty@aegis.demo","name":"Professor Sterling (Faculty)","timestamp":"2026-06-13T16:21:05.923Z"}
[2026-06-13T16:22:10.219Z] [Local Stream - user-events]: {"type":"login","email":"finance@aegis.demo","name":"Finance Manager","timestamp":"2026-06-13T16:22:10.219Z"}
[2026-06-13T16:22:10.228Z] [Kafka Event - user-events]: {"type":"login","email":"finance@aegis.demo","name":"Finance Manager","timestamp":"2026-06-13T16:22:10.219Z"}
[2026-06-13T16:24:13.821Z] [Local Stream - user-events]: {"type":"login","email":"research@aegis.demo","name":"Research Coordinator","timestamp":"2026-06-13T16:24:13.821Z"}
[2026-06-13T16:24:13.833Z] [Kafka Event - user-events]: {"type":"login","email":"research@aegis.demo","name":"Research Coordinator","timestamp":"2026-06-13T16:24:13.821Z"}
[2026-06-13T16:25:10.190Z] [Local Stream - user-events]: {"type":"login","email":"placement@aegis.demo","name":"Placement Officer","timestamp":"2026-06-13T16:25:10.190Z"}
[2026-06-13T16:25:10.199Z] [Kafka Event - user-events]: {"type":"login","email":"placement@aegis.demo","name":"Placement Officer","timestamp":"2026-06-13T16:25:10.190Z"}
[2026-06-13T16:26:14.460Z] [Local Stream - user-events]: {"type":"login","email":"student@aegis.demo","name":"Alex Rivera (Student)","timestamp":"2026-06-13T16:26:14.460Z"}
[2026-06-13T16:26:14.468Z] [Kafka Event - user-events]: {"type":"login","email":"student@aegis.demo","name":"Alex Rivera (Student)","timestamp":"2026-06-13T16:26:14.460Z"}
[2026-06-13T16:30:58.125Z] [Local Stream - user-events]: {"type":"login","email":"parent_role@aegis.demo","name":"General Parent Account","timestamp":"2026-06-13T16:30:58.125Z"}
[2026-06-13T16:30:58.136Z] [Kafka Event - user-events]: {"type":"login","email":"parent_role@aegis.demo","name":"General Parent Account","timestamp":"2026-06-13T16:30:58.125Z"}
[2026-06-13T16:33:09.963Z] [Local Stream - user-events]: {"type":"login","email":"alumni@aegis.demo","name":"Alumni Account","timestamp":"2026-06-13T16:33:09.963Z"}
[2026-06-13T16:33:09.996Z] [Kafka Event - user-events]: {"type":"login","email":"alumni@aegis.demo","name":"Alumni Account","timestamp":"2026-06-13T16:33:09.963Z"}
[2026-06-13T16:37:15.766Z] [Local Stream - user-events]: {"type":"login","email":"recruiter@aegis.demo","name":"Lead Recruiter","timestamp":"2026-06-13T16:37:15.765Z"}
[2026-06-13T16:37:15.775Z] [Kafka Event - user-events]: {"type":"login","email":"recruiter@aegis.demo","name":"Lead Recruiter","timestamp":"2026-06-13T16:37:15.765Z"}
[2026-06-13T16:39:19.607Z] [Local Stream - user-events]: {"type":"login","email":"sportsdirector@aegis.demo","name":"Dr. Sarah Sterling (Sports Director)","timestamp":"2026-06-13T16:39:19.607Z"}
[2026-06-13T16:39:19.619Z] [Kafka Event - user-events]: {"type":"login","email":"sportsdirector@aegis.demo","name":"Dr. Sarah Sterling (Sports Director)","timestamp":"2026-06-13T16:39:19.607Z"}
[2026-06-13T16:41:02.180Z] [Local Stream - user-events]: {"type":"login","email":"coach@aegis.demo","name":"Coach Marcus Chen","timestamp":"2026-06-13T16:41:02.180Z"}
[2026-06-13T16:41:02.190Z] [Kafka Event - user-events]: {"type":"login","email":"coach@aegis.demo","name":"Coach Marcus Chen","timestamp":"2026-06-13T16:41:02.180Z"}
[2026-06-13T16:42:02.331Z] [Local Stream - user-events]: {"type":"login","email":"athlete@aegis.demo","name":"Aria Nakamura (Athlete)","timestamp":"2026-06-13T16:42:02.330Z"}
[2026-06-13T16:42:02.339Z] [Kafka Event - user-events]: {"type":"login","email":"athlete@aegis.demo","name":"Aria Nakamura (Athlete)","timestamp":"2026-06-13T16:42:02.330Z"}
[2026-06-13T16:43:01.613Z] [Local Stream - user-events]: {"type":"login","email":"parent@aegis.demo","name":"Parent Account","timestamp":"2026-06-13T16:43:01.613Z"}
[2026-06-13T16:43:01.639Z] [Kafka Event - user-events]: {"type":"login","email":"parent@aegis.demo","name":"Parent Account","timestamp":"2026-06-13T16:43:01.613Z"}
[2026-06-13T16:44:08.645Z] [Local Stream - user-events]: {"type":"login","email":"deptadmin@aegis.demo","name":"Department Admin","timestamp":"2026-06-13T16:44:08.645Z"}
[2026-06-13T16:44:08.859Z] [Kafka Event - user-events]: {"type":"login","email":"deptadmin@aegis.demo","name":"Department Admin","timestamp":"2026-06-13T16:44:08.645Z"}
[2026-06-13T16:46:32.469Z] [Local Stream - user-events]: {"type":"login","email":"libraryadmin@aegis.demo","name":"Library Administrator","timestamp":"2026-06-13T16:46:32.469Z"}
[2026-06-13T16:46:32.559Z] [Kafka Event - user-events]: {"type":"login","email":"libraryadmin@aegis.demo","name":"Library Administrator","timestamp":"2026-06-13T16:46:32.469Z"}
[2026-06-13T16:48:17.793Z] [Local Stream - user-events]: {"type":"login","email":"admin@aegis.demo","name":"Platform Admin","timestamp":"2026-06-13T16:48:17.793Z"}
[2026-06-13T16:48:17.812Z] [Kafka Event - user-events]: {"type":"login","email":"admin@aegis.demo","name":"Platform Admin","timestamp":"2026-06-13T16:48:17.793Z"}
[2026-06-13T16:49:11.276Z] [Local Stream - user-events]: {"type":"login","email":"transportadmin@aegis.demo","name":"Transport Coordinator","timestamp":"2026-06-13T16:49:11.276Z"}
[2026-06-13T16:49:11.285Z] [Kafka Event - user-events]: {"type":"login","email":"transportadmin@aegis.demo","name":"Transport Coordinator","timestamp":"2026-06-13T16:49:11.276Z"}
[2026-06-13T16:49:39.942Z] [Local Stream - user-events]: {"type":"login","email":"medical@aegis.demo","name":"Dr. Evelyn Carter (Medical Staff)","timestamp":"2026-06-13T16:49:39.942Z"}
[2026-06-13T16:49:39.951Z] [Kafka Event - user-events]: {"type":"login","email":"medical@aegis.demo","name":"Dr. Evelyn Carter (Medical Staff)","timestamp":"2026-06-13T16:49:39.942Z"}
[2026-06-13T16:51:33.414Z] [Local Stream - user-events]: {"type":"login","email":"guest@aegis.demo","name":"Guest Visitor","timestamp":"2026-06-13T16:51:33.414Z"}
[2026-06-13T16:51:33.426Z] [Kafka Event - user-events]: {"type":"login","email":"guest@aegis.demo","name":"Guest Visitor","timestamp":"2026-06-13T16:51:33.414Z"}
[2026-06-13T16:52:28.165Z] [Local Stream - user-events]: {"type":"login","email":"consultant@aegis.demo","name":"External Consultant","timestamp":"2026-06-13T16:52:28.165Z"}
[2026-06-13T16:52:28.176Z] [Kafka Event - user-events]: {"type":"login","email":"consultant@aegis.demo","name":"External Consultant","timestamp":"2026-06-13T16:52:28.165Z"}
[2026-06-13T16:53:26.159Z] [Local Stream - user-events]: {"type":"login","email":"auditor@aegis.demo","name":"Internal Auditor","timestamp":"2026-06-13T16:53:26.159Z"}
[2026-06-13T16:53:26.170Z] [Kafka Event - user-events]: {"type":"login","email":"auditor@aegis.demo","name":"Internal Auditor","timestamp":"2026-06-13T16:53:26.159Z"}
[2026-06-13T16:53:43.891Z] [Local Stream - user-events]: {"type":"login","email":"auditor@aegis.demo","name":"Internal Auditor","timestamp":"2026-06-13T16:53:43.890Z"}
[2026-06-13T16:53:43.896Z] [Kafka Event - user-events]: {"type":"login","email":"auditor@aegis.demo","name":"Internal Auditor","timestamp":"2026-06-13T16:53:43.890Z"}
[2026-06-13T16:54:10.880Z] [Local Stream - user-events]: {"type":"login","email":"compliance@aegis.demo","name":"Governance Compliance Officer","timestamp":"2026-06-13T16:54:10.880Z"}
[2026-06-13T16:54:10.992Z] [Kafka Event - user-events]: {"type":"login","email":"compliance@aegis.demo","name":"Governance Compliance Officer","timestamp":"2026-06-13T16:54:10.880Z"}
[2026-06-13T17:07:50.761Z] [Local Stream - user-events]: {"type":"login","email":"admin@aegis.demo","name":"Platform Admin","timestamp":"2026-06-13T17:07:50.761Z"}
[2026-06-13T17:07:50.799Z] [Kafka Event - user-events]: {"type":"login","email":"admin@aegis.demo","name":"Platform Admin","timestamp":"2026-06-13T17:07:50.761Z"}
[2026-06-13T17:08:58.151Z] [Local Stream - user-events]: {"type":"login","email":"superadmin@aegis.demo","name":"Global Super Admin","timestamp":"2026-06-13T17:08:58.151Z"}
[2026-06-13T17:08:58.160Z] [Kafka Event - user-events]: {"type":"login","email":"superadmin@aegis.demo","name":"Global Super Admin","timestamp":"2026-06-13T17:08:58.151Z"}
[2026-06-13T17:10:38.935Z] [Local Stream - user-events]: {"type":"login","email":"univadmin@aegis.demo","name":"University Admin","timestamp":"2026-06-13T17:10:38.935Z"}
[2026-06-13T17:10:38.948Z] [Kafka Event - user-events]: {"type":"login","email":"univadmin@aegis.demo","name":"University Admin","timestamp":"2026-06-13T17:10:38.935Z"}
[2026-06-13T17:15:26.687Z] [Local Stream - user-events]: {"type":"login","email":"sportsdirector@aegis.demo","name":"Dr. Sarah Sterling (Sports Director)","timestamp":"2026-06-13T17:15:26.687Z"}
[2026-06-13T17:15:26.697Z] [Kafka Event - user-events]: {"type":"login","email":"sportsdirector@aegis.demo","name":"Dr. Sarah Sterling (Sports Director)","timestamp":"2026-06-13T17:15:26.687Z"}
[2026-06-13T17:44:22.399Z] [Local Stream - user-events]: {"type":"login","email":"univadmin@aegis.demo","name":"University Admin","timestamp":"2026-06-13T17:44:22.399Z"}
[2026-06-13T17:44:22.409Z] [Kafka Event - user-events]: {"type":"login","email":"univadmin@aegis.demo","name":"University Admin","timestamp":"2026-06-13T17:44:22.399Z"}
[2026-06-13T18:00:58.282Z] [Local Stream - user-events]: {"type":"login","email":"superadmin@aegis.demo","name":"Global Super Admin","timestamp":"2026-06-13T18:00:58.282Z"}
[2026-06-13T18:00:58.306Z] [Kafka Event - user-events]: {"type":"login","email":"superadmin@aegis.demo","name":"Global Super Admin","timestamp":"2026-06-13T18:00:58.282Z"}
[2026-06-13T18:01:19.792Z] [Local Stream - user-events]: {"type":"login","email":"univadmin@aegis.demo","name":"University Admin","timestamp":"2026-06-13T18:01:19.792Z"}
[2026-06-13T18:01:19.802Z] [Kafka Event - user-events]: {"type":"login","email":"univadmin@aegis.demo","name":"University Admin","timestamp":"2026-06-13T18:01:19.792Z"}
[2026-06-18T09:27:21.258Z] [Local Stream - user-events]: {"type":"login","email":"admin@aegis.demo","name":"Platform Admin","timestamp":"2026-06-18T09:27:21.258Z"}
[2026-06-18T09:27:21.317Z] [Kafka Event - user-events]: {"type":"login","email":"admin@aegis.demo","name":"Platform Admin","timestamp":"2026-06-18T09:27:21.258Z"}
[2026-06-18T09:28:33.397Z] [Local Stream - user-events]: {"type":"login","email":"superadmin@aegis.demo","name":"Global Super Admin","timestamp":"2026-06-18T09:28:33.397Z"}
[2026-06-18T09:28:33.402Z] [Kafka Event - user-events]: {"type":"login","email":"superadmin@aegis.demo","name":"Global Super Admin","timestamp":"2026-06-18T09:28:33.397Z"}
[2026-06-20T14:13:12.269Z] [Local Stream - user-events]: {"type":"login","email":"admin@aegis.demo","name":"Platform Admin","timestamp":"2026-06-20T14:13:12.268Z"}
[2026-06-20T14:13:12.297Z] [Kafka Event - user-events]: {"type":"login","email":"admin@aegis.demo","name":"Platform Admin","timestamp":"2026-06-20T14:13:12.268Z"}
[2026-06-20T14:15:49.080Z] [Local Stream - user-events]: {"type":"login","email":"superadmin@aegis.demo","name":"Global Super Admin","timestamp":"2026-06-20T14:15:49.080Z"}
[2026-06-20T14:15:49.094Z] [Kafka Event - user-events]: {"type":"login","email":"superadmin@aegis.demo","name":"Global Super Admin","timestamp":"2026-06-20T14:15:49.080Z"}
[2026-06-20T14:18:33.275Z] [Local Stream - user-events]: {"type":"login","email":"univadmin@aegis.demo","name":"University Admin","timestamp":"2026-06-20T14:18:33.275Z"}
[2026-06-20T14:18:33.281Z] [Kafka Event - user-events]: {"type":"login","email":"univadmin@aegis.demo","name":"University Admin","timestamp":"2026-06-20T14:18:33.275Z"}
[2026-06-20T14:19:24.395Z] [Local Stream - user-events]: {"type":"login","email":"finance@aegis.demo","name":"Finance Manager","timestamp":"2026-06-20T14:19:24.395Z"}
[2026-06-20T14:19:24.399Z] [Kafka Event - user-events]: {"type":"login","email":"finance@aegis.demo","name":"Finance Manager","timestamp":"2026-06-20T14:19:24.395Z"}
[2026-06-21T04:51:25.741Z] [Local Stream - user-events]: {"type":"login","email":"univadmin@aegis.demo","name":"University Admin","timestamp":"2026-06-21T04:51:25.740Z"}
[2026-06-21T04:51:25.760Z] [Kafka Event - user-events]: {"type":"login","email":"univadmin@aegis.demo","name":"University Admin","timestamp":"2026-06-21T04:51:25.740Z"}
[2026-06-21T04:53:44.247Z] [Local Stream - user-events]: {"type":"login","email":"student@aegis.demo","name":"Alex Rivera (Student)","timestamp":"2026-06-21T04:53:44.247Z"}
[2026-06-21T04:53:44.251Z] [Kafka Event - user-events]: {"type":"login","email":"student@aegis.demo","name":"Alex Rivera (Student)","timestamp":"2026-06-21T04:53:44.247Z"}
[2026-06-21T04:58:54.431Z] [Local Stream - user-events]: {"type":"login","email":"superadmin@aegis.demo","name":"Global Super Admin","timestamp":"2026-06-21T04:58:54.431Z"}
[2026-06-21T04:58:54.438Z] [Kafka Event - user-events]: {"type":"login","email":"superadmin@aegis.demo","name":"Global Super Admin","timestamp":"2026-06-21T04:58:54.431Z"}
[2026-06-21T05:07:29.908Z] [Local Stream - user-events]: {"type":"login","email":"sportsdirector@aegis.demo","name":"Dr. Sarah Sterling (Sports Director)","timestamp":"2026-06-21T05:07:29.908Z"}
[2026-06-21T05:07:29.915Z] [Kafka Event - user-events]: {"type":"login","email":"sportsdirector@aegis.demo","name":"Dr. Sarah Sterling (Sports Director)","timestamp":"2026-06-21T05:07:29.908Z"}
[2026-06-21T05:12:14.557Z] [Local Stream - user-events]: {"type":"login","email":"coach@aegis.demo","name":"Coach Marcus Chen","timestamp":"2026-06-21T05:12:14.557Z"}
[2026-06-21T05:12:14.562Z] [Kafka Event - user-events]: {"type":"login","email":"coach@aegis.demo","name":"Coach Marcus Chen","timestamp":"2026-06-21T05:12:14.557Z"}
[2026-06-21T05:14:31.586Z] [Local Stream - user-events]: {"type":"login","email":"athlete@aegis.demo","name":"Aria Nakamura (Athlete)","timestamp":"2026-06-21T05:14:31.586Z"}
[2026-06-21T05:14:31.592Z] [Kafka Event - user-events]: {"type":"login","email":"athlete@aegis.demo","name":"Aria Nakamura (Athlete)","timestamp":"2026-06-21T05:14:31.586Z"}
[2026-06-21T05:17:53.785Z] [Local Stream - user-events]: {"type":"login","email":"parent@aegis.demo","name":"Parent Account","timestamp":"2026-06-21T05:17:53.785Z"}
[2026-06-21T05:17:53.789Z] [Kafka Event - user-events]: {"type":"login","email":"parent@aegis.demo","name":"Parent Account","timestamp":"2026-06-21T05:17:53.785Z"}
[2026-06-21T05:19:49.784Z] [Local Stream - user-events]: {"type":"login","email":"deptadmin@aegis.demo","name":"Department Admin","timestamp":"2026-06-21T05:19:49.784Z"}
[2026-06-21T05:19:49.788Z] [Kafka Event - user-events]: {"type":"login","email":"deptadmin@aegis.demo","name":"Department Admin","timestamp":"2026-06-21T05:19:49.784Z"}
[2026-06-21T05:22:12.350Z] [Local Stream - user-events]: {"type":"login","email":"libraryadmin@aegis.demo","name":"Library Administrator","timestamp":"2026-06-21T05:22:12.350Z"}
[2026-06-21T05:22:12.359Z] [Kafka Event - user-events]: {"type":"login","email":"libraryadmin@aegis.demo","name":"Library Administrator","timestamp":"2026-06-21T05:22:12.350Z"}
[2026-06-21T05:25:18.130Z] [Local Stream - user-events]: {"type":"login","email":"hosteladmin@aegis.demo","name":"Hostel Manager","timestamp":"2026-06-21T05:25:18.130Z"}
[2026-06-21T05:25:18.136Z] [Kafka Event - user-events]: {"type":"login","email":"hosteladmin@aegis.demo","name":"Hostel Manager","timestamp":"2026-06-21T05:25:18.130Z"}
[2026-06-21T05:26:32.247Z] [Local Stream - user-events]: {"type":"login","email":"transportadmin@aegis.demo","name":"Transport Coordinator","timestamp":"2026-06-21T05:26:32.247Z"}
[2026-06-21T05:26:32.251Z] [Kafka Event - user-events]: {"type":"login","email":"transportadmin@aegis.demo","name":"Transport Coordinator","timestamp":"2026-06-21T05:26:32.247Z"}
[2026-06-21T05:27:28.111Z] [Local Stream - user-events]: {"type":"login","email":"medical@aegis.demo","name":"Dr. Evelyn Carter (Medical Staff)","timestamp":"2026-06-21T05:27:28.111Z"}
[2026-06-21T05:27:28.113Z] [Kafka Event - user-events]: {"type":"login","email":"medical@aegis.demo","name":"Dr. Evelyn Carter (Medical Staff)","timestamp":"2026-06-21T05:27:28.111Z"}
[2026-06-21T05:29:19.034Z] [Local Stream - user-events]: {"type":"login","email":"guest@aegis.demo","name":"Guest Visitor","timestamp":"2026-06-21T05:29:19.034Z"}
[2026-06-21T05:29:19.037Z] [Kafka Event - user-events]: {"type":"login","email":"guest@aegis.demo","name":"Guest Visitor","timestamp":"2026-06-21T05:29:19.034Z"}
[2026-06-21T05:29:48.012Z] [Local Stream - user-events]: {"type":"login","email":"consultant@aegis.demo","name":"External Consultant","timestamp":"2026-06-21T05:29:48.012Z"}
[2026-06-21T05:29:48.016Z] [Kafka Event - user-events]: {"type":"login","email":"consultant@aegis.demo","name":"External Consultant","timestamp":"2026-06-21T05:29:48.012Z"}
[2026-06-21T05:30:09.294Z] [Local Stream - user-events]: {"type":"login","email":"auditor@aegis.demo","name":"Internal Auditor","timestamp":"2026-06-21T05:30:09.294Z"}
[2026-06-21T05:30:09.298Z] [Kafka Event - user-events]: {"type":"login","email":"auditor@aegis.demo","name":"Internal Auditor","timestamp":"2026-06-21T05:30:09.294Z"}
[2026-06-21T05:30:44.561Z] [Local Stream - user-events]: {"type":"login","email":"compliance@aegis.demo","name":"Governance Compliance Officer","timestamp":"2026-06-21T05:30:44.560Z"}
[2026-06-21T05:30:44.566Z] [Kafka Event - user-events]: {"type":"login","email":"compliance@aegis.demo","name":"Governance Compliance Officer","timestamp":"2026-06-21T05:30:44.560Z"}
[2026-06-21T05:38:46.227Z] [Local Stream - user-events]: {"type":"login","email":"registrar@aegis.demo","name":"Registrar Officer","timestamp":"2026-06-21T05:38:46.226Z"}
[2026-06-21T05:38:46.241Z] [Kafka Event - user-events]: {"type":"login","email":"registrar@aegis.demo","name":"Registrar Officer","timestamp":"2026-06-21T05:38:46.226Z"}
[2026-06-21T05:39:46.413Z] [Local Stream - user-events]: {"type":"login","email":"superadmin@aegis.demo","name":"Global Super Admin","timestamp":"2026-06-21T05:39:46.413Z"}
[2026-06-21T05:39:46.417Z] [Kafka Event - user-events]: {"type":"login","email":"superadmin@aegis.demo","name":"Global Super Admin","timestamp":"2026-06-21T05:39:46.413Z"}
[2026-06-21T05:40:24.639Z] [Local Stream - user-events]: {"type":"login","email":"dean@aegis.demo","name":"Dean of Faculty","timestamp":"2026-06-21T05:40:24.639Z"}
[2026-06-21T05:40:24.643Z] [Kafka Event - user-events]: {"type":"login","email":"dean@aegis.demo","name":"Dean of Faculty","timestamp":"2026-06-21T05:40:24.639Z"}
[2026-06-21T05:42:56.420Z] [Local Stream - user-events]: {"type":"login","email":"hod@aegis.demo","name":"Professor Jenkins (HOD)","timestamp":"2026-06-21T05:42:56.420Z"}
[2026-06-21T05:42:56.424Z] [Kafka Event - user-events]: {"type":"login","email":"hod@aegis.demo","name":"Professor Jenkins (HOD)","timestamp":"2026-06-21T05:42:56.420Z"}
[2026-06-21T05:44:19.645Z] [Local Stream - user-events]: {"type":"login","email":"faculty@aegis.demo","name":"Professor Sterling (Faculty)","timestamp":"2026-06-21T05:44:19.645Z"}
[2026-06-21T05:44:19.650Z] [Kafka Event - user-events]: {"type":"login","email":"faculty@aegis.demo","name":"Professor Sterling (Faculty)","timestamp":"2026-06-21T05:44:19.645Z"}
[2026-06-21T05:47:28.587Z] [Local Stream - user-events]: {"type":"login","email":"finance@aegis.demo","name":"Finance Manager","timestamp":"2026-06-21T05:47:28.587Z"}
[2026-06-21T05:47:28.592Z] [Kafka Event - user-events]: {"type":"login","email":"finance@aegis.demo","name":"Finance Manager","timestamp":"2026-06-21T05:47:28.587Z"}
[2026-06-21T05:48:57.054Z] [Local Stream - user-events]: {"type":"login","email":"research@aegis.demo","name":"Research Coordinator","timestamp":"2026-06-21T05:48:57.054Z"}
[2026-06-21T05:48:57.059Z] [Kafka Event - user-events]: {"type":"login","email":"research@aegis.demo","name":"Research Coordinator","timestamp":"2026-06-21T05:48:57.054Z"}
[2026-06-21T05:51:51.635Z] [Local Stream - user-events]: {"type":"login","email":"placement@aegis.demo","name":"Placement Officer","timestamp":"2026-06-21T05:51:51.635Z"}
[2026-06-21T05:51:51.640Z] [Kafka Event - user-events]: {"type":"login","email":"placement@aegis.demo","name":"Placement Officer","timestamp":"2026-06-21T05:51:51.635Z"}
[2026-06-21T05:52:52.933Z] [Local Stream - user-events]: {"type":"login","email":"student@aegis.demo","name":"Alex Rivera (Student)","timestamp":"2026-06-21T05:52:52.933Z"}
[2026-06-21T05:52:52.936Z] [Kafka Event - user-events]: {"type":"login","email":"student@aegis.demo","name":"Alex Rivera (Student)","timestamp":"2026-06-21T05:52:52.933Z"}
[2026-06-21T05:54:23.052Z] [Local Stream - user-events]: {"type":"login","email":"superadmin@aegis.demo","name":"Global Super Admin","timestamp":"2026-06-21T05:54:23.052Z"}
[2026-06-21T05:54:23.057Z] [Kafka Event - user-events]: {"type":"login","email":"superadmin@aegis.demo","name":"Global Super Admin","timestamp":"2026-06-21T05:54:23.052Z"}
[2026-06-21T05:56:42.342Z] [Local Stream - user-events]: {"type":"login","email":"admin@aegis.demo","name":"Platform Admin","timestamp":"2026-06-21T05:56:42.342Z"}
[2026-06-21T05:56:42.347Z] [Kafka Event - user-events]: {"type":"login","email":"admin@aegis.demo","name":"Platform Admin","timestamp":"2026-06-21T05:56:42.342Z"}
[2026-06-21T06:01:23.729Z] [Local Stream - user-events]: {"type":"login","email":"univadmin@aegis.demo","name":"University Admin","timestamp":"2026-06-21T06:01:23.729Z"}
[2026-06-21T06:01:23.736Z] [Kafka Event - user-events]: {"type":"login","email":"univadmin@aegis.demo","name":"University Admin","timestamp":"2026-06-21T06:01:23.729Z"}
[2026-06-21T06:23:07.667Z] [Local Stream - user-events]: {"type":"login","email":"admin@aegis.demo","name":"Platform Admin","timestamp":"2026-06-21T06:23:07.666Z"}
[2026-06-21T06:23:07.679Z] [Kafka Event - user-events]: {"type":"login","email":"admin@aegis.demo","name":"Platform Admin","timestamp":"2026-06-21T06:23:07.666Z"}
[2026-06-21T08:07:10.736Z] [Local Stream - user-events]: {"type":"login","email":"superadmin@aegis.demo","name":"Global Super Admin","timestamp":"2026-06-21T08:07:10.735Z"}
[2026-06-21T08:07:10.756Z] [Kafka Event - user-events]: {"type":"login","email":"superadmin@aegis.demo","name":"Global Super Admin","timestamp":"2026-06-21T08:07:10.735Z"}
[2026-06-21T09:24:33.192Z] [Local Stream - user-events]: {"type":"login","email":"admin@aegis.demo","name":"Platform Admin","timestamp":"2026-06-21T09:24:33.191Z"}
[2026-06-21T09:24:33.205Z] [Kafka Event - user-events]: {"type":"login","email":"admin@aegis.demo","name":"Platform Admin","timestamp":"2026-06-21T09:24:33.191Z"}
[2026-06-21T11:50:15.606Z] [Local Stream - user-events]: {"type":"login","email":"superadmin@aegis.demo","name":"Global Super Admin","timestamp":"2026-06-21T11:50:15.606Z"}
[2026-06-21T11:50:15.626Z] [Kafka Event - user-events]: {"type":"login","email":"superadmin@aegis.demo","name":"Global Super Admin","timestamp":"2026-06-21T11:50:15.606Z"}
[2026-06-21T12:03:55.893Z] [Local Stream - user-events]: {"type":"login","email":"superadmin@aegis.demo","name":"Global Super Admin","timestamp":"2026-06-21T12:03:55.893Z"}
[2026-06-21T12:03:55.899Z] [Kafka Event - user-events]: {"type":"login","email":"superadmin@aegis.demo","name":"Global Super Admin","timestamp":"2026-06-21T12:03:55.893Z"}
[2026-06-21T12:17:42.437Z] [Local Stream - user-events]: {"type":"login","email":"superadmin@aegis.demo","name":"Global Super Admin","timestamp":"2026-06-21T12:17:42.436Z"}
[2026-06-21T12:17:42.453Z] [Kafka Event - user-events]: {"type":"login","email":"superadmin@aegis.demo","name":"Global Super Admin","timestamp":"2026-06-21T12:17:42.436Z"}
[2026-06-22T00:38:15.181Z] [Local Stream - user-events]: {"type":"login","email":"superadmin@aegis.demo","name":"Global Super Admin","timestamp":"2026-06-22T00:38:15.181Z"}
[2026-06-22T00:38:15.198Z] [Kafka Event - user-events]: {"type":"login","email":"superadmin@aegis.demo","name":"Global Super Admin","timestamp":"2026-06-22T00:38:15.181Z"}
